::1 - - [12/Nov/2023:16:04:55 +0000] "GET / HTTP/1.1" - -
::1 - - [12/Nov/2023:16:04:55 +0000] "GET /movie HTTP/1.1" - -
::1 - - [12/Nov/2023:16:04:55 +0000] "GET /style.css HTTP/1.1" - -
::1 - - [12/Nov/2023:16:04:56 +0000] "GET /favicon.ico HTTP/1.1" - -
::1 - - [12/Nov/2023:16:05:07 +0000] "GET /movie HTTP/1.1" - -
::1 - - [12/Nov/2023:16:05:07 +0000] "GET /style.css HTTP/1.1" - -
::1 - - [12/Nov/2023:16:09:43 +0000] "GET /movie/form HTTP/1.1" - -
::1 - - [12/Nov/2023:16:09:54 +0000] "POST /movie/save HTTP/1.1" - -
::1 - - [12/Nov/2023:16:09:54 +0000] "GET /movie HTTP/1.1" - -
::1 - - [12/Nov/2023:16:09:54 +0000] "GET /style.css HTTP/1.1" - -
::1 - - [12/Nov/2023:16:12:01 +0000] "GET /movie/form HTTP/1.1" - -
::1 - - [12/Nov/2023:16:12:07 +0000] "POST /movie/save HTTP/1.1" - -
::1 - - [12/Nov/2023:16:12:24 +0000] "GET /movie HTTP/1.1" - -
::1 - - [12/Nov/2023:16:12:24 +0000] "GET /style.css HTTP/1.1" - -
::1 - - [12/Nov/2023:16:12:26 +0000] "GET /movie/delete/5 HTTP/1.1" - -
::ffff:127.0.0.1 - - [12/Nov/2023:16:12:36 +0000] "GET /movie/form HTTP/1.1" - -
::ffff:127.0.0.1 - - [12/Nov/2023:16:12:40 +0000] "POST /movie/save HTTP/1.1" - -
::ffff:127.0.0.1 - - [12/Nov/2023:16:12:40 +0000] "GET /movie HTTP/1.1" - -
::ffff:127.0.0.1 - - [12/Nov/2023:16:12:41 +0000] "GET /style.css HTTP/1.1" - -
::1 - - [12/Nov/2023:16:13:07 +0000] "GET /movie/form HTTP/1.1" - -
::1 - - [12/Nov/2023:16:13:13 +0000] "POST /movie/save HTTP/1.1" - -
::1 - - [12/Nov/2023:16:13:13 +0000] "GET /movie HTTP/1.1" - -
::1 - - [12/Nov/2023:16:13:13 +0000] "GET /style.css HTTP/1.1" - -
::1 - - [12/Nov/2023:16:13:24 +0000] "GET /movie/form HTTP/1.1" - -
::1 - - [12/Nov/2023:16:13:27 +0000] "POST /movie/save HTTP/1.1" - -
::1 - - [12/Nov/2023:16:13:27 +0000] "GET /movie HTTP/1.1" - -
::1 - - [12/Nov/2023:16:13:27 +0000] "GET /style.css HTTP/1.1" - -
::1 - - [12/Nov/2023:16:18:03 +0000] "GET /movie/form/8 HTTP/1.1" - -
::1 - - [12/Nov/2023:16:18:15 +0000] "GET /movie/form/8 HTTP/1.1" - -
::ffff:127.0.0.1 - - [12/Nov/2023:16:18:16 +0000] "GET /movie/form/5 HTTP/1.1" - -
::1 - - [12/Nov/2023:16:18:34 +0000] "GET /movie/form/5 HTTP/1.1" - -
::1 - - [12/Nov/2023:16:18:37 +0000] "GET /movie/form/5 HTTP/1.1" - -
::1 - - [12/Nov/2023:16:18:38 +0000] "GET /movie/form/5 HTTP/1.1" - -
::1 - - [12/Nov/2023:16:19:32 +0000] "GET /movie/form/5 HTTP/1.1" - -
::1 - - [12/Nov/2023:16:19:41 +0000] "GET /movie/form/5 HTTP/1.1" - -
::1 - - [12/Nov/2023:16:19:45 +0000] "GET /movie/form/5 HTTP/1.1" - -
::1 - - [12/Nov/2023:16:19:52 +0000] "GET /movie/form/8 HTTP/1.1" - -
::1 - - [12/Nov/2023:16:20:01 +0000] "GET /movie/form/8 HTTP/1.1" - -
::ffff:127.0.0.1 - - [12/Nov/2023:16:20:04 +0000] "GET /movie/form/8 HTTP/1.1" - -
::1 - - [12/Nov/2023:16:20:04 +0000] "GET /movie/form/8 HTTP/1.1" - -
::1 - - [12/Nov/2023:16:20:28 +0000] "GET /movie/form/8 HTTP/1.1" - -
::1 - - [12/Nov/2023:16:24:27 +0000] "GET /movie/delete/8 HTTP/1.1" - -
::1 - - [12/Nov/2023:16:24:27 +0000] "GET /movie HTTP/1.1" - -
::1 - - [12/Nov/2023:16:24:27 +0000] "GET /style.css HTTP/1.1" - -
::1 - - [12/Nov/2023:16:24:28 +0000] "GET /movie/delete/7 HTTP/1.1" - -
::1 - - [12/Nov/2023:16:24:28 +0000] "GET /movie HTTP/1.1" - -
::1 - - [12/Nov/2023:16:24:28 +0000] "GET /style.css HTTP/1.1" - -
::1 - - [12/Nov/2023:16:24:28 +0000] "GET /movie/delete/6 HTTP/1.1" - -
::1 - - [12/Nov/2023:16:24:28 +0000] "GET /movie HTTP/1.1" - -
::1 - - [12/Nov/2023:16:24:28 +0000] "GET /style.css HTTP/1.1" - -
::1 - - [12/Nov/2023:16:24:28 +0000] "GET /movie/delete/5 HTTP/1.1" - -
::1 - - [12/Nov/2023:16:24:28 +0000] "GET /movie HTTP/1.1" - -
::1 - - [12/Nov/2023:16:24:29 +0000] "GET /style.css HTTP/1.1" - -
::1 - - [12/Nov/2023:16:45:34 +0000] "GET /movie HTTP/1.1" - -
::1 - - [12/Nov/2023:16:45:34 +0000] "GET /style.css HTTP/1.1" - -
::1 - - [12/Nov/2023:16:45:37 +0000] "GET /movie HTTP/1.1" - -
::1 - - [12/Nov/2023:16:45:37 +0000] "GET /style.css HTTP/1.1" - -
::1 - - [12/Nov/2023:16:45:43 +0000] "GET /movie HTTP/1.1" - -
::1 - - [12/Nov/2023:16:45:43 +0000] "GET /style.css HTTP/1.1" - -
::1 - - [12/Nov/2023:16:45:46 +0000] "GET / HTTP/1.1" - -
::1 - - [12/Nov/2023:16:45:46 +0000] "GET /movie HTTP/1.1" - -
::1 - - [12/Nov/2023:16:45:46 +0000] "GET /style.css HTTP/1.1" - -
::1 - - [12/Nov/2023:16:47:48 +0000] "GET /movie/form/4 HTTP/1.1" - -
::1 - - [12/Nov/2023:16:47:55 +0000] "GET /movie/delete/4 HTTP/1.1" - -
::1 - - [12/Nov/2023:16:47:55 +0000] "GET /movie HTTP/1.1" - -
::1 - - [12/Nov/2023:16:47:55 +0000] "GET /style.css HTTP/1.1" - -
::1 - - [12/Nov/2023:16:47:57 +0000] "GET /movie/form/1 HTTP/1.1" - -
::1 - - [12/Nov/2023:16:48:00 +0000] "POST /movie/save HTTP/1.1" - -
::1 - - [12/Nov/2023:16:48:00 +0000] "GET /movie HTTP/1.1" - -
::1 - - [12/Nov/2023:16:48:00 +0000] "GET /style.css HTTP/1.1" - -
