::1 - - [11/Nov/2023:07:26:53 +0000] "GET /movie HTTP/1.1" - -
::1 - - [11/Nov/2023:07:27:21 +0000] "GET /movie HTTP/1.1" - -
::1 - - [11/Nov/2023:07:27:21 +0000] "GET /style.css HTTP/1.1" - -
::1 - - [11/Nov/2023:07:27:22 +0000] "GET /favicon.ico HTTP/1.1" - -
::1 - - [11/Nov/2023:07:39:52 +0000] "GET /movie/form/1 HTTP/1.1" - -
::1 - - [11/Nov/2023:07:45:39 +0000] "GET /movie/form/1 HTTP/1.1" - -
::1 - - [11/Nov/2023:07:45:42 +0000] "GET /movie/delete/1 HTTP/1.1" - -
::1 - - [11/Nov/2023:07:45:42 +0000] "GET /movie HTTP/1.1" - -
::1 - - [11/Nov/2023:07:45:43 +0000] "GET /style.css HTTP/1.1" - -
::1 - - [11/Nov/2023:07:45:45 +0000] "GET /movie/delete/2 HTTP/1.1" - -
::1 - - [11/Nov/2023:07:45:45 +0000] "GET /movie HTTP/1.1" - -
::1 - - [11/Nov/2023:07:45:45 +0000] "GET /style.css HTTP/1.1" - -
::1 - - [11/Nov/2023:07:45:46 +0000] "GET /movie/delete/3 HTTP/1.1" - -
::1 - - [11/Nov/2023:07:45:46 +0000] "GET /movie HTTP/1.1" - -
::1 - - [11/Nov/2023:07:45:47 +0000] "GET /style.css HTTP/1.1" - -
::1 - - [11/Nov/2023:07:46:15 +0000] "GET /movie HTTP/1.1" - -
::1 - - [11/Nov/2023:07:46:15 +0000] "GET /style.css HTTP/1.1" - -
::1 - - [11/Nov/2023:07:47:15 +0000] "GET /movie HTTP/1.1" - -
::1 - - [11/Nov/2023:07:47:15 +0000] "GET /style.css HTTP/1.1" - -
::1 - - [11/Nov/2023:07:48:46 +0000] "GET /movie/delete/4 HTTP/1.1" - -
::1 - - [11/Nov/2023:07:48:46 +0000] "GET /movie HTTP/1.1" - -
::1 - - [11/Nov/2023:07:48:47 +0000] "GET /style.css HTTP/1.1" - -
::1 - - [11/Nov/2023:07:48:47 +0000] "GET /movie/delete/5 HTTP/1.1" - -
::1 - - [11/Nov/2023:07:48:47 +0000] "GET /movie HTTP/1.1" - -
::1 - - [11/Nov/2023:07:48:47 +0000] "GET /style.css HTTP/1.1" - -
::1 - - [11/Nov/2023:07:48:48 +0000] "GET /movie/delete/6 HTTP/1.1" - -
::1 - - [11/Nov/2023:07:48:48 +0000] "GET /movie HTTP/1.1" - -
::1 - - [11/Nov/2023:07:48:48 +0000] "GET /style.css HTTP/1.1" - -
::1 - - [11/Nov/2023:07:49:15 +0000] "GET /movie HTTP/1.1" - -
::1 - - [11/Nov/2023:07:49:15 +0000] "GET /style.css HTTP/1.1" - -
::1 - - [11/Nov/2023:07:49:18 +0000] "GET /movie/form HTTP/1.1" - -
::1 - - [11/Nov/2023:07:49:24 +0000] "POST /movie/save HTTP/1.1" - -
::1 - - [11/Nov/2023:07:50:00 +0000] "POST /movie/save HTTP/1.1" - -
::1 - - [11/Nov/2023:07:50:01 +0000] "GET /movie HTTP/1.1" - -
::1 - - [11/Nov/2023:07:50:01 +0000] "GET /style.css HTTP/1.1" - -
